This file contains any messages produced by compilers while
running configure, to aid debugging if configure makes a mistake.

It was created by configure, which was
generated by GNU Autoconf 2.69.  Invocation command line was

  $ /Users/akagrawal/Downloads/omnetpp-5.7/configure 

## --------- ##
## Platform. ##
## --------- ##

hostname = Anchals-MacBook-Air.local
uname -m = x86_64
uname -r = 19.6.0
uname -s = Darwin
uname -v = Darwin Kernel Version 19.6.0: Tue Jan 12 22:13:05 PST 2021; root:xnu-6153.141.16~1/RELEASE_X86_64

/usr/bin/uname -p = i386
/bin/uname -X     = unknown

/bin/arch              = unknown
/usr/bin/arch -k       = unknown
/usr/convex/getsysinfo = unknown
/usr/bin/hostinfo      = Mach kernel version:
	 Darwin Kernel Version 19.6.0: Tue Jan 12 22:13:05 PST 2021; root:xnu-6153.141.16~1/RELEASE_X86_64
Kernel configured for up to 4 processors.
2 processors are physically available.
4 processors are logically available.
Processor type: x86_64h (Intel x86-64h Haswell)
Processors active: 0 1 2 3
Primary memory available: 8.00 gigabytes
Default processor set: 412 tasks, 1464 threads, 4 processors
Load average: 15.12, Mach factor: 0.28
/bin/machine           = unknown
/usr/bin/oslevel       = unknown
/bin/universe          = unknown

PATH: /Users/akagrawal/opt/anaconda3/bin
PATH: /Users/akagrawal/opt/anaconda3/condabin
PATH: /usr/local/bin
PATH: /usr/bin
PATH: /bin
PATH: /usr/sbin
PATH: /sbin
PATH: /Library/Apple/usr/bin


## ----------- ##
## Core tests. ##
## ----------- ##

configure:2098: error: Before running 'configure', please use 'source setenv' to set up your environment.

## ---------------- ##
## Cache variables. ##
## ---------------- ##

ac_cv_env_CCC_set=
ac_cv_env_CCC_value=
ac_cv_env_CC_set=
ac_cv_env_CC_value=
ac_cv_env_CFLAGS_set=
ac_cv_env_CFLAGS_value=
ac_cv_env_CPPFLAGS_set=
ac_cv_env_CPPFLAGS_value=
ac_cv_env_CXXCPP_set=
ac_cv_env_CXXCPP_value=
ac_cv_env_CXXFLAGS_set=
ac_cv_env_CXXFLAGS_value=
ac_cv_env_CXX_set=
ac_cv_env_CXX_value=
ac_cv_env_LDFLAGS_set=
ac_cv_env_LDFLAGS_value=
ac_cv_env_LIBS_set=
ac_cv_env_LIBS_value=
ac_cv_env_PERL_set=
ac_cv_env_PERL_value=
ac_cv_env_SWIG_set=
ac_cv_env_SWIG_value=
ac_cv_env_XMKMF_set=
ac_cv_env_XMKMF_value=
ac_cv_env_YACC_set=
ac_cv_env_YACC_value=
ac_cv_env_YFLAGS_set=
ac_cv_env_YFLAGS_value=
ac_cv_env_build_alias_set=
ac_cv_env_build_alias_value=
ac_cv_env_host_alias_set=
ac_cv_env_host_alias_value=
ac_cv_env_target_alias_set=
ac_cv_env_target_alias_value=

## ----------------- ##
## Output variables. ##
## ----------------- ##

AKAROA_CFLAGS=''
AKAROA_LIBS=''
AR=''
ARFLAG_OUT=''
AS=''
AS_NEEDED_OFF=''
AS_NEEDED_ON=''
A_LIB_SUFFIX=''
CC=''
CFLAGS=''
CFLAGS_DEBUG=''
CFLAGS_RELEASE=''
CPPFLAGS=''
CXX=''
CXXCPP=''
CXXFLAGS=''
DEFINES=''
DEFS=''
DLLTOOL=''
DLL_LIB_SUFFIX=''
ECHO_C='\c'
ECHO_N=''
ECHO_T=''
EMBED_TCL_CODE=''
EXEEXT=''
EXE_SUFFIX=''
HAVE_DLOPEN=''
IMPDEF_SUFFIX=''
IMPLIB_SUFFIX=''
JAVA_CFLAGS=''
JAVA_LIBS=''
JNILIBS_IF_POSSIBLE=''
JNI_LIB_SUFFIX=''
LDFLAGS=''
LDFLAG_IMPDEF=''
LDFLAG_IMPLIB=''
LDFLAG_INCLUDE=''
LDFLAG_LIB=''
LDFLAG_LIBPATH=''
LEX=''
LEXLIB=''
LEX_OUTPUT_ROOT=''
LIBOBJS=''
LIBS=''
LIB_PREFIX=''
LN=''
LTLIBOBJS=''
MAKE=''
MKPATH=''
MOC=''
MPICPP=''
MPICXX=''
MPI_CFLAGS=''
MPI_LIBS=''
MSGC=''
NEDTOOL=''
OBJEXT=''
OMNETPP_BUILDID='211004-1d27e5f35e'
OMNETPP_EDITION='Academic Public License -- NOT FOR COMMERCIAL USE'
OMNETPP_PRODUCT='OMNeT++'
OMNETPP_RELEASE=''
OMNETPP_VERSION=''
OPENMP_CXXFLAGS=''
OPENMP_FLAGS=''
OSGEARTH_CFLAGS=''
OSGEARTH_LIBS=''
OSG_CFLAGS=''
OSG_LIBS=''
PACKAGE_BUGREPORT=''
PACKAGE_NAME=''
PACKAGE_STRING=''
PACKAGE_TARNAME=''
PACKAGE_URL=''
PACKAGE_VERSION=''
PATH_SEPARATOR=':'
PERL=''
PIC_FLAGS=''
PLATFORM=''
PREFER_SQLITE_RESULT_FILES=''
PTHREAD_CFLAGS=''
PTHREAD_LIBS=''
QMAKE=''
QTENV_LDFLAGS=''
QT_CFLAGS=''
QT_LIBS=''
RANLIB=''
RCC=''
SANITIZE_FLAGS=''
SHARED_LIBS=''
SHARED_LIB_SUFFIX=''
SHELL='/bin/sh'
SHLIB_LD=''
SHLIB_POSTPROCESS=''
SMC=''
SO_LIB_SUFFIX=''
STRIP=''
SWIG=''
SYS_LIBS=''
TK_CFLAGS=''
TK_LIBS=''
TOOLCHAIN_NAME=''
UIC=''
WHOLE_ARCHIVE_OFF=''
WHOLE_ARCHIVE_ON=''
WISH=''
WITH_NETBUILDER=''
WITH_OSG=''
WITH_OSGEARTH=''
WITH_PARSIM=''
WITH_QTENV=''
WITH_SYSTEMC=''
WITH_TKENV=''
XMKMF=''
XMLPARSER=''
XML_CFLAGS=''
XML_LIBS=''
YACC=''
YFLAGS=''
ZLIB_CFLAGS=''
ZLIB_LIBS=''
ac_ct_CC=''
ac_ct_CXX=''
bindir='${exec_prefix}/bin'
build=''
build_alias=''
build_cpu=''
build_os=''
build_vendor=''
datadir='${datarootdir}'
datarootdir='${prefix}/share'
docdir='${datarootdir}/doc/${PACKAGE}'
dvidir='${docdir}'
exec_prefix='NONE'
host=''
host_alias=''
host_cpu=''
host_os=''
host_vendor=''
htmldir='${docdir}'
includedir='${prefix}/include'
infodir='${datarootdir}/info'
libdir='${exec_prefix}/lib'
libexecdir='${exec_prefix}/libexec'
localedir='${datarootdir}/locale'
localstatedir='${prefix}/var'
mandir='${datarootdir}/man'
oldincludedir='/usr/include'
pdfdir='${docdir}'
prefix='NONE'
program_transform_name='s,x,x,'
psdir='${docdir}'
runstatedir='${localstatedir}/run'
sbindir='${exec_prefix}/sbin'
sharedstatedir='${prefix}/com'
sysconfdir='${prefix}/etc'
target_alias=''
tmp_CXX=''

## ----------- ##
## confdefs.h. ##
## ----------- ##

/* confdefs.h */
#define PACKAGE_NAME ""
#define PACKAGE_TARNAME ""
#define PACKAGE_VERSION ""
#define PACKAGE_STRING ""
#define PACKAGE_BUGREPORT ""
#define PACKAGE_URL ""

configure: exit 1
